Sequential(
  (0): Linear(in_features=6, out_features=5, bias=True)
  (1): ReLU()
  (2): Linear(in_features=5, out_features=5, bias=True)
  (3): ReLU()
  (4): Linear(in_features=5, out_features=5, bias=True)
  (5): ReLU()
  (6): Linear(in_features=5, out_features=5, bias=True)
  (7): ReLU()
  (8): Linear(in_features=5, out_features=5, bias=True)
  (9): ReLU()
  (10): Linear(in_features=5, out_features=1, bias=True)
  (11): Sigmoid()
)
0 0.41944729283397525
1 0.3254837648229262
2 0.4488789173226947
3 0.4482471651818333
4 0.44752389105967944
5 0.4466828657002801
6 0.44568714932558773
7 0.4444835261218622
8 0.44299395883960563
9 0.4411027535327954
10 0.43865009094129864
11 0.4354314054213931
12 0.43120846250755507
13 0.4258284663204477
14 0.41905661156519824
15 0.41165082426956395
16 0.4070721833319329
17 0.3967528396291859
18 0.33294212917738025
19 0.3891870816823699
Accuracy of Neural Network Classifer: 0.6028649144614909
[[151309 100384]
 [ 94821 145019]]
TN:151309, FP:100384, FN:94821, TP:145019
TN:30.78%, FP:20.42%, FN:19.29%, TP:29.5%
